<?xml version="1.0" encoding="UTF-8"?>
<!-- Generated by org.testng.reporters.JUnitReportReporter -->
<testsuite hostname="DESKTOP-85FK620" failures="0" tests="1" name="toolsqa.TC_06_Preeti_Button" time="7.221" errors="0" timestamp="2022-09-22T15:51:05 IST" skipped="0">
  <testcase classname="toolsqa.TC_06_Preeti_Button" name="testcase" time="7.221"/>
  <system-out/>
</testsuite> <!-- toolsqa.TC_06_Preeti_Button -->
